Analysis & Synthesis report for vga_controller
Sat Mar 16 20:24:21 2013
Quartus II 32-bit Version 12.1 Build 177 11/07/2012 SJ Full Version


---------------------
; Table of Contents ;
---------------------
  1. Legal Notice
  2. Analysis & Synthesis Summary
  3. Analysis & Synthesis Settings
  4. Parallel Compilation
  5. Analysis & Synthesis Source Files Read
  6. Analysis & Synthesis Resource Usage Summary
  7. Analysis & Synthesis Resource Utilization by Entity
  8. Analysis & Synthesis DSP Block Usage Summary
  9. General Register Statistics
 10. Parameter Settings for Inferred Entity Instance: de2_vga_raster:V1|lpm_mult:Mult1
 11. Parameter Settings for Inferred Entity Instance: de2_vga_raster:V1|lpm_mult:Mult0
 12. lpm_mult Parameter Settings by Entity Instance
 13. Port Connectivity Checks: "de2_vga_raster:V1"
 14. Elapsed Time Per Partition
 15. Analysis & Synthesis Messages



----------------
; Legal Notice ;
----------------
Copyright (C) 1991-2012 Altera Corporation
Your use of Altera Corporation's design tools, logic functions 
and other software and tools, and its AMPP partner logic 
functions, and any output files from any of the foregoing 
(including device programming or simulation files), and any 
associated documentation or information are expressly subject 
to the terms and conditions of the Altera Program License 
Subscription Agreement, Altera MegaCore Function License 
Agreement, or other applicable license agreement, including, 
without limitation, that your use is for the sole purpose of 
programming logic devices manufactured by Altera and sold by 
Altera or its authorized distributors.  Please refer to the 
applicable agreement for further details.



+--------------------------------------------------------------------------------+
; Analysis & Synthesis Summary                                                   ;
+------------------------------------+-------------------------------------------+
; Analysis & Synthesis Status        ; Successful - Sat Mar 16 20:24:21 2013     ;
; Quartus II 32-bit Version          ; 12.1 Build 177 11/07/2012 SJ Full Version ;
; Revision Name                      ; vga_controller                            ;
; Top-level Entity Name              ; lab3_vga                                  ;
; Family                             ; Cyclone II                                ;
; Total logic elements               ; 119                                       ;
;     Total combinational functions  ; 90                                        ;
;     Dedicated logic registers      ; 58                                        ;
; Total registers                    ; 58                                        ;
; Total pins                         ; 424                                       ;
; Total virtual pins                 ; 0                                         ;
; Total memory bits                  ; 0                                         ;
; Embedded Multiplier 9-bit elements ; 4                                         ;
; Total PLLs                         ; 0                                         ;
+------------------------------------+-------------------------------------------+


+----------------------------------------------------------------------------------------------------------------------+
; Analysis & Synthesis Settings                                                                                        ;
+----------------------------------------------------------------------------+--------------------+--------------------+
; Option                                                                     ; Setting            ; Default Value      ;
+----------------------------------------------------------------------------+--------------------+--------------------+
; Device                                                                     ; EP2C35F672C6       ;                    ;
; Top-level entity name                                                      ; lab3_vga           ; vga_controller     ;
; Family name                                                                ; Cyclone II         ; Cyclone IV GX      ;
; Use smart compilation                                                      ; Off                ; Off                ;
; Enable parallel Assembler and TimeQuest Timing Analyzer during compilation ; On                 ; On                 ;
; Enable compact report table                                                ; Off                ; Off                ;
; Restructure Multiplexers                                                   ; Auto               ; Auto               ;
; Create Debugging Nodes for IP Cores                                        ; Off                ; Off                ;
; Preserve fewer node names                                                  ; On                 ; On                 ;
; Disable OpenCore Plus hardware evaluation                                  ; Off                ; Off                ;
; Verilog Version                                                            ; Verilog_2001       ; Verilog_2001       ;
; VHDL Version                                                               ; VHDL_1993          ; VHDL_1993          ;
; State Machine Processing                                                   ; Auto               ; Auto               ;
; Safe State Machine                                                         ; Off                ; Off                ;
; Extract Verilog State Machines                                             ; On                 ; On                 ;
; Extract VHDL State Machines                                                ; On                 ; On                 ;
; Ignore Verilog initial constructs                                          ; Off                ; Off                ;
; Iteration limit for constant Verilog loops                                 ; 5000               ; 5000               ;
; Iteration limit for non-constant Verilog loops                             ; 250                ; 250                ;
; Add Pass-Through Logic to Inferred RAMs                                    ; On                 ; On                 ;
; Infer RAMs from Raw Logic                                                  ; On                 ; On                 ;
; Parallel Synthesis                                                         ; On                 ; On                 ;
; DSP Block Balancing                                                        ; Auto               ; Auto               ;
; NOT Gate Push-Back                                                         ; On                 ; On                 ;
; Power-Up Don't Care                                                        ; On                 ; On                 ;
; Remove Redundant Logic Cells                                               ; Off                ; Off                ;
; Remove Duplicate Registers                                                 ; On                 ; On                 ;
; Ignore CARRY Buffers                                                       ; Off                ; Off                ;
; Ignore CASCADE Buffers                                                     ; Off                ; Off                ;
; Ignore GLOBAL Buffers                                                      ; Off                ; Off                ;
; Ignore ROW GLOBAL Buffers                                                  ; Off                ; Off                ;
; Ignore LCELL Buffers                                                       ; Off                ; Off                ;
; Ignore SOFT Buffers                                                        ; On                 ; On                 ;
; Limit AHDL Integers to 32 Bits                                             ; Off                ; Off                ;
; Optimization Technique                                                     ; Balanced           ; Balanced           ;
; Carry Chain Length                                                         ; 70                 ; 70                 ;
; Auto Carry Chains                                                          ; On                 ; On                 ;
; Auto Open-Drain Pins                                                       ; On                 ; On                 ;
; Perform WYSIWYG Primitive Resynthesis                                      ; Off                ; Off                ;
; Auto ROM Replacement                                                       ; On                 ; On                 ;
; Auto RAM Replacement                                                       ; On                 ; On                 ;
; Auto Shift Register Replacement                                            ; Auto               ; Auto               ;
; Allow Shift Register Merging across Hierarchies                            ; Auto               ; Auto               ;
; Auto Clock Enable Replacement                                              ; On                 ; On                 ;
; Strict RAM Replacement                                                     ; Off                ; Off                ;
; Allow Synchronous Control Signals                                          ; On                 ; On                 ;
; Force Use of Synchronous Clear Signals                                     ; Off                ; Off                ;
; Auto RAM to Logic Cell Conversion                                          ; Off                ; Off                ;
; Auto Resource Sharing                                                      ; Off                ; Off                ;
; Allow Any RAM Size For Recognition                                         ; Off                ; Off                ;
; Allow Any ROM Size For Recognition                                         ; Off                ; Off                ;
; Allow Any Shift Register Size For Recognition                              ; Off                ; Off                ;
; Use LogicLock Constraints during Resource Balancing                        ; On                 ; On                 ;
; Ignore translate_off and synthesis_off directives                          ; Off                ; Off                ;
; Timing-Driven Synthesis                                                    ; Off                ; Off                ;
; Report Parameter Settings                                                  ; On                 ; On                 ;
; Report Source Assignments                                                  ; On                 ; On                 ;
; Report Connectivity Checks                                                 ; On                 ; On                 ;
; Ignore Maximum Fan-Out Assignments                                         ; Off                ; Off                ;
; Synchronization Register Chain Length                                      ; 2                  ; 2                  ;
; PowerPlay Power Optimization                                               ; Normal compilation ; Normal compilation ;
; HDL message level                                                          ; Level2             ; Level2             ;
; Suppress Register Optimization Related Messages                            ; Off                ; Off                ;
; Number of Removed Registers Reported in Synthesis Report                   ; 5000               ; 5000               ;
; Number of Swept Nodes Reported in Synthesis Report                         ; 5000               ; 5000               ;
; Number of Inverted Registers Reported in Synthesis Report                  ; 100                ; 100                ;
; Clock MUX Protection                                                       ; On                 ; On                 ;
; Auto Gated Clock Conversion                                                ; Off                ; Off                ;
; Block Design Naming                                                        ; Auto               ; Auto               ;
; SDC constraint protection                                                  ; Off                ; Off                ;
; Synthesis Effort                                                           ; Auto               ; Auto               ;
; Shift Register Replacement - Allow Asynchronous Clear Signal               ; On                 ; On                 ;
; Pre-Mapping Resynthesis Optimization                                       ; Off                ; Off                ;
; Analysis & Synthesis Message Level                                         ; Medium             ; Medium             ;
; Disable Register Merging Across Hierarchies                                ; Auto               ; Auto               ;
; Resource Aware Inference For Block RAM                                     ; On                 ; On                 ;
; Synthesis Seed                                                             ; 1                  ; 1                  ;
+----------------------------------------------------------------------------+--------------------+--------------------+


+------------------------------------------+
; Parallel Compilation                     ;
+----------------------------+-------------+
; Processors                 ; Number      ;
+----------------------------+-------------+
; Number detected on machine ; 2           ;
; Maximum allowed            ; 2           ;
;                            ;             ;
; Average used               ; 1.00        ;
; Maximum used               ; 1           ;
;                            ;             ;
; Usage by Processor         ; % Time Used ;
;     1 processor            ; 100.0%      ;
;     2 processors           ;   0.0%      ;
+----------------------------+-------------+


+----------------------------------------------------------------------------------------------------------------------------------------------------------------------+
; Analysis & Synthesis Source Files Read                                                                                                                               ;
+----------------------------------+-----------------+------------------------------+------------------------------------------------------------------------+---------+
; File Name with User-Entered Path ; Used in Netlist ; File Type                    ; File Name with Absolute Path                                           ; Library ;
+----------------------------------+-----------------+------------------------------+------------------------------------------------------------------------+---------+
; de2_vga_raster.vhd               ; yes             ; User VHDL File               ; /home/user4/spring13/ms4543/E4840/e4840_lab3/de2_vga_raster.vhd        ;         ;
; lab3_vga.vhd                     ; yes             ; User VHDL File               ; /home/user4/spring13/ms4543/E4840/e4840_lab3/lab3_vga.vhd              ;         ;
; lpm_mult.tdf                     ; yes             ; Megafunction                 ; /opt/altera/altera12.1/quartus/libraries/megafunctions/lpm_mult.tdf    ;         ;
; aglobal121.inc                   ; yes             ; Megafunction                 ; /opt/altera/altera12.1/quartus/libraries/megafunctions/aglobal121.inc  ;         ;
; lpm_add_sub.inc                  ; yes             ; Megafunction                 ; /opt/altera/altera12.1/quartus/libraries/megafunctions/lpm_add_sub.inc ;         ;
; multcore.inc                     ; yes             ; Megafunction                 ; /opt/altera/altera12.1/quartus/libraries/megafunctions/multcore.inc    ;         ;
; bypassff.inc                     ; yes             ; Megafunction                 ; /opt/altera/altera12.1/quartus/libraries/megafunctions/bypassff.inc    ;         ;
; altshift.inc                     ; yes             ; Megafunction                 ; /opt/altera/altera12.1/quartus/libraries/megafunctions/altshift.inc    ;         ;
; db/mult_71t.tdf                  ; yes             ; Auto-Generated Megafunction  ; /home/user4/spring13/ms4543/E4840/e4840_lab3/db/mult_71t.tdf           ;         ;
+----------------------------------+-----------------+------------------------------+------------------------------------------------------------------------+---------+


+-----------------------------------------------------+
; Analysis & Synthesis Resource Usage Summary         ;
+---------------------------------------------+-------+
; Resource                                    ; Usage ;
+---------------------------------------------+-------+
; Estimated Total logic elements              ; 119   ;
;                                             ;       ;
; Total combinational functions               ; 90    ;
; Logic element usage by number of LUT inputs ;       ;
;     -- 4 input functions                    ; 23    ;
;     -- 3 input functions                    ; 29    ;
;     -- <=2 input functions                  ; 38    ;
;                                             ;       ;
; Logic elements by mode                      ;       ;
;     -- normal mode                          ; 50    ;
;     -- arithmetic mode                      ; 40    ;
;                                             ;       ;
; Total registers                             ; 58    ;
;     -- Dedicated logic registers            ; 58    ;
;     -- I/O registers                        ; 0     ;
;                                             ;       ;
; I/O pins                                    ; 424   ;
; Embedded Multiplier 9-bit elements          ; 4     ;
; Maximum fan-out                             ; 59    ;
; Total fan-out                               ; 437   ;
; Average fan-out                             ; 0.76  ;
+---------------------------------------------+-------+


+------------------------------------------------------------------------------------------------------------------------------------------------------------------------------------------------------------------------------------+
; Analysis & Synthesis Resource Utilization by Entity                                                                                                                                                                                ;
+------------------------------------+-------------------+--------------+-------------+--------------+---------+-----------+------+--------------+--------------------------------------------------------------------+--------------+
; Compilation Hierarchy Node         ; LC Combinationals ; LC Registers ; Memory Bits ; DSP Elements ; DSP 9x9 ; DSP 18x18 ; Pins ; Virtual Pins ; Full Hierarchy Name                                                ; Library Name ;
+------------------------------------+-------------------+--------------+-------------+--------------+---------+-----------+------+--------------+--------------------------------------------------------------------+--------------+
; |lab3_vga                          ; 90 (1)            ; 58 (1)       ; 0           ; 4            ; 0       ; 2         ; 424  ; 0            ; |lab3_vga                                                          ;              ;
;    |de2_vga_raster:V1|             ; 89 (89)           ; 57 (57)      ; 0           ; 4            ; 0       ; 2         ; 0    ; 0            ; |lab3_vga|de2_vga_raster:V1                                        ;              ;
;       |lpm_mult:Mult0|             ; 0 (0)             ; 0 (0)        ; 0           ; 2            ; 0       ; 1         ; 0    ; 0            ; |lab3_vga|de2_vga_raster:V1|lpm_mult:Mult0                         ;              ;
;          |mult_71t:auto_generated| ; 0 (0)             ; 0 (0)        ; 0           ; 2            ; 0       ; 1         ; 0    ; 0            ; |lab3_vga|de2_vga_raster:V1|lpm_mult:Mult0|mult_71t:auto_generated ;              ;
;       |lpm_mult:Mult1|             ; 0 (0)             ; 0 (0)        ; 0           ; 2            ; 0       ; 1         ; 0    ; 0            ; |lab3_vga|de2_vga_raster:V1|lpm_mult:Mult1                         ;              ;
;          |mult_71t:auto_generated| ; 0 (0)             ; 0 (0)        ; 0           ; 2            ; 0       ; 1         ; 0    ; 0            ; |lab3_vga|de2_vga_raster:V1|lpm_mult:Mult1|mult_71t:auto_generated ;              ;
+------------------------------------+-------------------+--------------+-------------+--------------+---------+-----------+------+--------------+--------------------------------------------------------------------+--------------+
Note: For table entries with two numbers listed, the numbers in parentheses indicate the number of resources of the given type used by the specific entity alone. The numbers listed outside of parentheses indicate the total resources of the given type used by the specific entity and all of its sub-entities in the hierarchy.


+-----------------------------------------------------+
; Analysis & Synthesis DSP Block Usage Summary        ;
+---------------------------------------+-------------+
; Statistic                             ; Number Used ;
+---------------------------------------+-------------+
; Simple Multipliers (9-bit)            ; 0           ;
; Simple Multipliers (18-bit)           ; 2           ;
; Embedded Multiplier Blocks            ; --          ;
; Embedded Multiplier 9-bit elements    ; 4           ;
; Signed Embedded Multipliers           ; 2           ;
; Unsigned Embedded Multipliers         ; 0           ;
; Mixed Sign Embedded Multipliers       ; 0           ;
; Variable Sign Embedded Multipliers    ; 0           ;
; Dedicated Input Shift Register Chains ; 0           ;
+---------------------------------------+-------------+
Note: number of Embedded Multiplier Blocks used is only available after a successful fit.


+------------------------------------------------------+
; General Register Statistics                          ;
+----------------------------------------------+-------+
; Statistic                                    ; Value ;
+----------------------------------------------+-------+
; Total registers                              ; 58    ;
; Number of registers using Synchronous Clear  ; 0     ;
; Number of registers using Synchronous Load   ; 0     ;
; Number of registers using Asynchronous Clear ; 0     ;
; Number of registers using Asynchronous Load  ; 0     ;
; Number of registers using Clock Enable       ; 13    ;
; Number of registers using Preset             ; 0     ;
+----------------------------------------------+-------+


+-----------------------------------------------------------------------------------+
; Parameter Settings for Inferred Entity Instance: de2_vga_raster:V1|lpm_mult:Mult1 ;
+------------------------------------------------+------------+---------------------+
; Parameter Name                                 ; Value      ; Type                ;
+------------------------------------------------+------------+---------------------+
; AUTO_CARRY_CHAINS                              ; ON         ; AUTO_CARRY          ;
; IGNORE_CARRY_BUFFERS                           ; OFF        ; IGNORE_CARRY        ;
; AUTO_CASCADE_CHAINS                            ; ON         ; AUTO_CASCADE        ;
; IGNORE_CASCADE_BUFFERS                         ; OFF        ; IGNORE_CASCADE      ;
; LPM_WIDTHA                                     ; 11         ; Untyped             ;
; LPM_WIDTHB                                     ; 11         ; Untyped             ;
; LPM_WIDTHP                                     ; 22         ; Untyped             ;
; LPM_WIDTHR                                     ; 22         ; Untyped             ;
; LPM_WIDTHS                                     ; 1          ; Untyped             ;
; LPM_REPRESENTATION                             ; SIGNED     ; Untyped             ;
; LPM_PIPELINE                                   ; 0          ; Untyped             ;
; LATENCY                                        ; 0          ; Untyped             ;
; INPUT_A_IS_CONSTANT                            ; NO         ; Untyped             ;
; INPUT_B_IS_CONSTANT                            ; NO         ; Untyped             ;
; USE_EAB                                        ; OFF        ; Untyped             ;
; MAXIMIZE_SPEED                                 ; 6          ; Untyped             ;
; DEVICE_FAMILY                                  ; Cyclone II ; Untyped             ;
; CARRY_CHAIN                                    ; MANUAL     ; Untyped             ;
; APEX20K_TECHNOLOGY_MAPPER                      ; LUT        ; TECH_MAPPER_APEX20K ;
; DEDICATED_MULTIPLIER_CIRCUITRY                 ; AUTO       ; Untyped             ;
; DEDICATED_MULTIPLIER_MIN_INPUT_WIDTH_FOR_AUTO  ; 0          ; Untyped             ;
; DEDICATED_MULTIPLIER_MIN_OUTPUT_WIDTH_FOR_AUTO ; 0          ; Untyped             ;
; CBXI_PARAMETER                                 ; mult_71t   ; Untyped             ;
; INPUT_A_FIXED_VALUE                            ; Bx         ; Untyped             ;
; INPUT_B_FIXED_VALUE                            ; Bx         ; Untyped             ;
; USE_AHDL_IMPLEMENTATION                        ; OFF        ; Untyped             ;
+------------------------------------------------+------------+---------------------+
Note: In order to hide this table in the UI and the text report file, please set the "Show Parameter Settings in Synthesis Report" option in "Analysis and Synthesis Settings -> More Settings" to "Off".


+-----------------------------------------------------------------------------------+
; Parameter Settings for Inferred Entity Instance: de2_vga_raster:V1|lpm_mult:Mult0 ;
+------------------------------------------------+------------+---------------------+
; Parameter Name                                 ; Value      ; Type                ;
+------------------------------------------------+------------+---------------------+
; AUTO_CARRY_CHAINS                              ; ON         ; AUTO_CARRY          ;
; IGNORE_CARRY_BUFFERS                           ; OFF        ; IGNORE_CARRY        ;
; AUTO_CASCADE_CHAINS                            ; ON         ; AUTO_CASCADE        ;
; IGNORE_CASCADE_BUFFERS                         ; OFF        ; IGNORE_CASCADE      ;
; LPM_WIDTHA                                     ; 11         ; Untyped             ;
; LPM_WIDTHB                                     ; 11         ; Untyped             ;
; LPM_WIDTHP                                     ; 22         ; Untyped             ;
; LPM_WIDTHR                                     ; 22         ; Untyped             ;
; LPM_WIDTHS                                     ; 1          ; Untyped             ;
; LPM_REPRESENTATION                             ; SIGNED     ; Untyped             ;
; LPM_PIPELINE                                   ; 0          ; Untyped             ;
; LATENCY                                        ; 0          ; Untyped             ;
; INPUT_A_IS_CONSTANT                            ; NO         ; Untyped             ;
; INPUT_B_IS_CONSTANT                            ; NO         ; Untyped             ;
; USE_EAB                                        ; OFF        ; Untyped             ;
; MAXIMIZE_SPEED                                 ; 6          ; Untyped             ;
; DEVICE_FAMILY                                  ; Cyclone II ; Untyped             ;
; CARRY_CHAIN                                    ; MANUAL     ; Untyped             ;
; APEX20K_TECHNOLOGY_MAPPER                      ; LUT        ; TECH_MAPPER_APEX20K ;
; DEDICATED_MULTIPLIER_CIRCUITRY                 ; AUTO       ; Untyped             ;
; DEDICATED_MULTIPLIER_MIN_INPUT_WIDTH_FOR_AUTO  ; 0          ; Untyped             ;
; DEDICATED_MULTIPLIER_MIN_OUTPUT_WIDTH_FOR_AUTO ; 0          ; Untyped             ;
; CBXI_PARAMETER                                 ; mult_71t   ; Untyped             ;
; INPUT_A_FIXED_VALUE                            ; Bx         ; Untyped             ;
; INPUT_B_FIXED_VALUE                            ; Bx         ; Untyped             ;
; USE_AHDL_IMPLEMENTATION                        ; OFF        ; Untyped             ;
+------------------------------------------------+------------+---------------------+
Note: In order to hide this table in the UI and the text report file, please set the "Show Parameter Settings in Synthesis Report" option in "Analysis and Synthesis Settings -> More Settings" to "Off".


+--------------------------------------------------------------------------+
; lpm_mult Parameter Settings by Entity Instance                           ;
+---------------------------------------+----------------------------------+
; Name                                  ; Value                            ;
+---------------------------------------+----------------------------------+
; Number of entity instances            ; 2                                ;
; Entity Instance                       ; de2_vga_raster:V1|lpm_mult:Mult1 ;
;     -- LPM_WIDTHA                     ; 11                               ;
;     -- LPM_WIDTHB                     ; 11                               ;
;     -- LPM_WIDTHP                     ; 22                               ;
;     -- LPM_REPRESENTATION             ; SIGNED                           ;
;     -- INPUT_A_IS_CONSTANT            ; NO                               ;
;     -- INPUT_B_IS_CONSTANT            ; NO                               ;
;     -- USE_EAB                        ; OFF                              ;
;     -- DEDICATED_MULTIPLIER_CIRCUITRY ; AUTO                             ;
;     -- INPUT_A_FIXED_VALUE            ; Bx                               ;
;     -- INPUT_B_FIXED_VALUE            ; Bx                               ;
; Entity Instance                       ; de2_vga_raster:V1|lpm_mult:Mult0 ;
;     -- LPM_WIDTHA                     ; 11                               ;
;     -- LPM_WIDTHB                     ; 11                               ;
;     -- LPM_WIDTHP                     ; 22                               ;
;     -- LPM_REPRESENTATION             ; SIGNED                           ;
;     -- INPUT_A_IS_CONSTANT            ; NO                               ;
;     -- INPUT_B_IS_CONSTANT            ; NO                               ;
;     -- USE_EAB                        ; OFF                              ;
;     -- DEDICATED_MULTIPLIER_CIRCUITRY ; AUTO                             ;
;     -- INPUT_A_FIXED_VALUE            ; Bx                               ;
;     -- INPUT_B_FIXED_VALUE            ; Bx                               ;
+---------------------------------------+----------------------------------+


+-------------------------------------------------------+
; Port Connectivity Checks: "de2_vga_raster:V1"         ;
+---------------------+-------+----------+--------------+
; Port                ; Type  ; Severity ; Details      ;
+---------------------+-------+----------+--------------+
; reset               ; Input ; Info     ; Stuck at GND ;
; midpointxpin[8..6]  ; Input ; Info     ; Stuck at VCC ;
; midpointxpin[10..9] ; Input ; Info     ; Stuck at GND ;
; midpointxpin[5..0]  ; Input ; Info     ; Stuck at GND ;
; midpointypin[8..6]  ; Input ; Info     ; Stuck at VCC ;
; midpointypin[10..9] ; Input ; Info     ; Stuck at GND ;
; midpointypin[5..0]  ; Input ; Info     ; Stuck at GND ;
+---------------------+-------+----------+--------------+


+-------------------------------+
; Elapsed Time Per Partition    ;
+----------------+--------------+
; Partition Name ; Elapsed Time ;
+----------------+--------------+
; Top            ; 00:00:03     ;
+----------------+--------------+


+-------------------------------+
; Analysis & Synthesis Messages ;
+-------------------------------+
Info: *******************************************************************
Info: Running Quartus II 32-bit Analysis & Synthesis
    Info: Version 12.1 Build 177 11/07/2012 SJ Full Version
    Info: Processing started: Sat Mar 16 20:24:13 2013
Info: Command: quartus_map --read_settings_files=on --write_settings_files=off vga_controller -c vga_controller
Info (20030): Parallel compilation is enabled and will use 2 of the 2 processors detected
Info (12021): Found 2 design units, including 1 entities, in source file de2_vga_raster.vhd
    Info (12022): Found design unit 1: de2_vga_raster-rtl
    Info (12023): Found entity 1: de2_vga_raster
Info (12021): Found 2 design units, including 1 entities, in source file lab3_vga.vhd
    Info (12022): Found design unit 1: lab3_vga-datapath
    Info (12023): Found entity 1: lab3_vga
Info (12127): Elaborating entity "lab3_vga" for the top level hierarchy
Info (12128): Elaborating entity "de2_vga_raster" for hierarchy "de2_vga_raster:V1"
Warning (10492): VHDL Process Statement warning at de2_vga_raster.vhd(229): signal "VGA_R" is read inside the Process Statement but isn't in the Process Statement's sensitivity list
Warning (10492): VHDL Process Statement warning at de2_vga_raster.vhd(230): signal "VGA_G" is read inside the Process Statement but isn't in the Process Statement's sensitivity list
Warning (10492): VHDL Process Statement warning at de2_vga_raster.vhd(231): signal "VGA_B" is read inside the Process Statement but isn't in the Process Statement's sensitivity list
Info (278001): Inferred 2 megafunctions from design logic
    Info (278003): Inferred multiplier megafunction ("lpm_mult") from the following logic: "de2_vga_raster:V1|Mult1"
    Info (278003): Inferred multiplier megafunction ("lpm_mult") from the following logic: "de2_vga_raster:V1|Mult0"
Info (12130): Elaborated megafunction instantiation "de2_vga_raster:V1|lpm_mult:Mult1"
Info (12133): Instantiated megafunction "de2_vga_raster:V1|lpm_mult:Mult1" with the following parameter:
    Info (12134): Parameter "LPM_WIDTHA" = "11"
    Info (12134): Parameter "LPM_WIDTHB" = "11"
    Info (12134): Parameter "LPM_WIDTHP" = "22"
    Info (12134): Parameter "LPM_WIDTHR" = "22"
    Info (12134): Parameter "LPM_WIDTHS" = "1"
    Info (12134): Parameter "LPM_REPRESENTATION" = "SIGNED"
    Info (12134): Parameter "INPUT_A_IS_CONSTANT" = "NO"
    Info (12134): Parameter "INPUT_B_IS_CONSTANT" = "NO"
    Info (12134): Parameter "MAXIMIZE_SPEED" = "6"
Info (12021): Found 1 design units, including 1 entities, in source file db/mult_71t.tdf
    Info (12023): Found entity 1: mult_71t
Warning (13032): The following tri-state nodes are fed by constants
    Warning (13033): The pin "SD_DAT3" is fed by VCC
    Warning (13033): The pin "SD_CMD" is fed by VCC
Warning (13027): Removed fan-outs from the following always-disabled I/O buffers
    Warning (13028): Removed fan-out from the always-disabled I/O buffer "SRAM_DQ[0]" to the node "SRAM_DQ[0]"
    Warning (13028): Removed fan-out from the always-disabled I/O buffer "SRAM_DQ[1]" to the node "SRAM_DQ[1]"
    Warning (13028): Removed fan-out from the always-disabled I/O buffer "SRAM_DQ[2]" to the node "SRAM_DQ[2]"
    Warning (13028): Removed fan-out from the always-disabled I/O buffer "SRAM_DQ[3]" to the node "SRAM_DQ[3]"
    Warning (13028): Removed fan-out from the always-disabled I/O buffer "SRAM_DQ[4]" to the node "SRAM_DQ[4]"
    Warning (13028): Removed fan-out from the always-disabled I/O buffer "SRAM_DQ[5]" to the node "SRAM_DQ[5]"
    Warning (13028): Removed fan-out from the always-disabled I/O buffer "SRAM_DQ[6]" to the node "SRAM_DQ[6]"
    Warning (13028): Removed fan-out from the always-disabled I/O buffer "SRAM_DQ[7]" to the node "SRAM_DQ[7]"
    Warning (13028): Removed fan-out from the always-disabled I/O buffer "SRAM_DQ[8]" to the node "SRAM_DQ[8]"
    Warning (13028): Removed fan-out from the always-disabled I/O buffer "SRAM_DQ[9]" to the node "SRAM_DQ[9]"
    Warning (13028): Removed fan-out from the always-disabled I/O buffer "SRAM_DQ[10]" to the node "SRAM_DQ[10]"
    Warning (13028): Removed fan-out from the always-disabled I/O buffer "SRAM_DQ[11]" to the node "SRAM_DQ[11]"
    Warning (13028): Removed fan-out from the always-disabled I/O buffer "SRAM_DQ[12]" to the node "SRAM_DQ[12]"
    Warning (13028): Removed fan-out from the always-disabled I/O buffer "SRAM_DQ[13]" to the node "SRAM_DQ[13]"
    Warning (13028): Removed fan-out from the always-disabled I/O buffer "SRAM_DQ[14]" to the node "SRAM_DQ[14]"
    Warning (13028): Removed fan-out from the always-disabled I/O buffer "SRAM_DQ[15]" to the node "SRAM_DQ[15]"
Warning (13009): TRI or OPNDRN buffers permanently enabled
    Warning (13010): Node "SD_DAT3~synth"
    Warning (13010): Node "SD_CMD~synth"
Warning (13024): Output pins are stuck at VCC or GND
    Warning (13410): Pin "HEX0[0]" is stuck at VCC
    Warning (13410): Pin "HEX0[1]" is stuck at VCC
    Warning (13410): Pin "HEX0[2]" is stuck at VCC
    Warning (13410): Pin "HEX0[3]" is stuck at VCC
    Warning (13410): Pin "HEX0[4]" is stuck at VCC
    Warning (13410): Pin "HEX0[5]" is stuck at VCC
    Warning (13410): Pin "HEX0[6]" is stuck at VCC
    Warning (13410): Pin "HEX1[0]" is stuck at VCC
    Warning (13410): Pin "HEX1[1]" is stuck at VCC
    Warning (13410): Pin "HEX1[2]" is stuck at VCC
    Warning (13410): Pin "HEX1[3]" is stuck at VCC
    Warning (13410): Pin "HEX1[4]" is stuck at VCC
    Warning (13410): Pin "HEX1[5]" is stuck at VCC
    Warning (13410): Pin "HEX1[6]" is stuck at VCC
    Warning (13410): Pin "HEX2[0]" is stuck at VCC
    Warning (13410): Pin "HEX2[1]" is stuck at VCC
    Warning (13410): Pin "HEX2[2]" is stuck at VCC
    Warning (13410): Pin "HEX2[3]" is stuck at VCC
    Warning (13410): Pin "HEX2[4]" is stuck at VCC
    Warning (13410): Pin "HEX2[5]" is stuck at VCC
    Warning (13410): Pin "HEX2[6]" is stuck at VCC
    Warning (13410): Pin "HEX3[0]" is stuck at VCC
    Warning (13410): Pin "HEX3[1]" is stuck at VCC
    Warning (13410): Pin "HEX3[2]" is stuck at VCC
    Warning (13410): Pin "HEX3[3]" is stuck at VCC
    Warning (13410): Pin "HEX3[4]" is stuck at VCC
    Warning (13410): Pin "HEX3[5]" is stuck at VCC
    Warning (13410): Pin "HEX3[6]" is stuck at VCC
    Warning (13410): Pin "HEX4[0]" is stuck at VCC
    Warning (13410): Pin "HEX4[1]" is stuck at VCC
    Warning (13410): Pin "HEX4[2]" is stuck at VCC
    Warning (13410): Pin "HEX4[3]" is stuck at VCC
    Warning (13410): Pin "HEX4[4]" is stuck at VCC
    Warning (13410): Pin "HEX4[5]" is stuck at VCC
    Warning (13410): Pin "HEX4[6]" is stuck at VCC
    Warning (13410): Pin "HEX5[0]" is stuck at VCC
    Warning (13410): Pin "HEX5[1]" is stuck at VCC
    Warning (13410): Pin "HEX5[2]" is stuck at VCC
    Warning (13410): Pin "HEX5[3]" is stuck at VCC
    Warning (13410): Pin "HEX5[4]" is stuck at VCC
    Warning (13410): Pin "HEX5[5]" is stuck at VCC
    Warning (13410): Pin "HEX5[6]" is stuck at VCC
    Warning (13410): Pin "HEX6[0]" is stuck at VCC
    Warning (13410): Pin "HEX6[1]" is stuck at VCC
    Warning (13410): Pin "HEX6[2]" is stuck at VCC
    Warning (13410): Pin "HEX6[3]" is stuck at VCC
    Warning (13410): Pin "HEX6[4]" is stuck at VCC
    Warning (13410): Pin "HEX6[5]" is stuck at VCC
    Warning (13410): Pin "HEX6[6]" is stuck at VCC
    Warning (13410): Pin "HEX7[0]" is stuck at VCC
    Warning (13410): Pin "HEX7[1]" is stuck at VCC
    Warning (13410): Pin "HEX7[2]" is stuck at VCC
    Warning (13410): Pin "HEX7[3]" is stuck at VCC
    Warning (13410): Pin "HEX7[4]" is stuck at VCC
    Warning (13410): Pin "HEX7[5]" is stuck at VCC
    Warning (13410): Pin "HEX7[6]" is stuck at VCC
    Warning (13410): Pin "LEDG[0]" is stuck at VCC
    Warning (13410): Pin "LEDG[1]" is stuck at VCC
    Warning (13410): Pin "LEDG[2]" is stuck at VCC
    Warning (13410): Pin "LEDG[3]" is stuck at VCC
    Warning (13410): Pin "LEDG[4]" is stuck at VCC
    Warning (13410): Pin "LEDG[5]" is stuck at VCC
    Warning (13410): Pin "LEDG[6]" is stuck at VCC
    Warning (13410): Pin "LEDG[7]" is stuck at VCC
    Warning (13410): Pin "LEDG[8]" is stuck at VCC
    Warning (13410): Pin "LEDR[0]" is stuck at VCC
    Warning (13410): Pin "LEDR[1]" is stuck at VCC
    Warning (13410): Pin "LEDR[2]" is stuck at VCC
    Warning (13410): Pin "LEDR[3]" is stuck at VCC
    Warning (13410): Pin "LEDR[4]" is stuck at VCC
    Warning (13410): Pin "LEDR[5]" is stuck at VCC
    Warning (13410): Pin "LEDR[6]" is stuck at VCC
    Warning (13410): Pin "LEDR[7]" is stuck at VCC
    Warning (13410): Pin "LEDR[8]" is stuck at VCC
    Warning (13410): Pin "LEDR[9]" is stuck at VCC
    Warning (13410): Pin "LEDR[10]" is stuck at VCC
    Warning (13410): Pin "LEDR[11]" is stuck at VCC
    Warning (13410): Pin "LEDR[12]" is stuck at VCC
    Warning (13410): Pin "LEDR[13]" is stuck at VCC
    Warning (13410): Pin "LEDR[14]" is stuck at VCC
    Warning (13410): Pin "LEDR[15]" is stuck at VCC
    Warning (13410): Pin "LEDR[16]" is stuck at VCC
    Warning (13410): Pin "LEDR[17]" is stuck at VCC
    Warning (13410): Pin "UART_TXD" is stuck at GND
    Warning (13410): Pin "DRAM_ADDR[0]" is stuck at GND
    Warning (13410): Pin "DRAM_ADDR[1]" is stuck at GND
    Warning (13410): Pin "DRAM_ADDR[2]" is stuck at GND
    Warning (13410): Pin "DRAM_ADDR[3]" is stuck at GND
    Warning (13410): Pin "DRAM_ADDR[4]" is stuck at GND
    Warning (13410): Pin "DRAM_ADDR[5]" is stuck at GND
    Warning (13410): Pin "DRAM_ADDR[6]" is stuck at GND
    Warning (13410): Pin "DRAM_ADDR[7]" is stuck at GND
    Warning (13410): Pin "DRAM_ADDR[8]" is stuck at GND
    Warning (13410): Pin "DRAM_ADDR[9]" is stuck at GND
    Warning (13410): Pin "DRAM_ADDR[10]" is stuck at GND
    Warning (13410): Pin "DRAM_ADDR[11]" is stuck at GND
    Warning (13410): Pin "DRAM_LDQM" is stuck at GND
    Warning (13410): Pin "DRAM_UDQM" is stuck at GND
    Warning (13410): Pin "DRAM_WE_N" is stuck at VCC
    Warning (13410): Pin "DRAM_CAS_N" is stuck at VCC
    Warning (13410): Pin "DRAM_RAS_N" is stuck at VCC
    Warning (13410): Pin "DRAM_CS_N" is stuck at VCC
    Warning (13410): Pin "DRAM_BA_0" is stuck at GND
    Warning (13410): Pin "DRAM_BA_1" is stuck at GND
    Warning (13410): Pin "DRAM_CLK" is stuck at GND
    Warning (13410): Pin "DRAM_CKE" is stuck at GND
    Warning (13410): Pin "FL_ADDR[0]" is stuck at GND
    Warning (13410): Pin "FL_ADDR[1]" is stuck at GND
    Warning (13410): Pin "FL_ADDR[2]" is stuck at GND
    Warning (13410): Pin "FL_ADDR[3]" is stuck at GND
    Warning (13410): Pin "FL_ADDR[4]" is stuck at GND
    Warning (13410): Pin "FL_ADDR[5]" is stuck at GND
    Warning (13410): Pin "FL_ADDR[6]" is stuck at GND
    Warning (13410): Pin "FL_ADDR[7]" is stuck at GND
    Warning (13410): Pin "FL_ADDR[8]" is stuck at GND
    Warning (13410): Pin "FL_ADDR[9]" is stuck at GND
    Warning (13410): Pin "FL_ADDR[10]" is stuck at GND
    Warning (13410): Pin "FL_ADDR[11]" is stuck at GND
    Warning (13410): Pin "FL_ADDR[12]" is stuck at GND
    Warning (13410): Pin "FL_ADDR[13]" is stuck at GND
    Warning (13410): Pin "FL_ADDR[14]" is stuck at GND
    Warning (13410): Pin "FL_ADDR[15]" is stuck at GND
    Warning (13410): Pin "FL_ADDR[16]" is stuck at GND
    Warning (13410): Pin "FL_ADDR[17]" is stuck at GND
    Warning (13410): Pin "FL_ADDR[18]" is stuck at GND
    Warning (13410): Pin "FL_ADDR[19]" is stuck at GND
    Warning (13410): Pin "FL_ADDR[20]" is stuck at GND
    Warning (13410): Pin "FL_ADDR[21]" is stuck at GND
    Warning (13410): Pin "FL_WE_N" is stuck at VCC
    Warning (13410): Pin "FL_RST_N" is stuck at GND
    Warning (13410): Pin "FL_OE_N" is stuck at VCC
    Warning (13410): Pin "FL_CE_N" is stuck at VCC
    Warning (13410): Pin "SRAM_ADDR[0]" is stuck at GND
    Warning (13410): Pin "SRAM_ADDR[1]" is stuck at GND
    Warning (13410): Pin "SRAM_ADDR[2]" is stuck at GND
    Warning (13410): Pin "SRAM_ADDR[3]" is stuck at GND
    Warning (13410): Pin "SRAM_ADDR[4]" is stuck at GND
    Warning (13410): Pin "SRAM_ADDR[5]" is stuck at GND
    Warning (13410): Pin "SRAM_ADDR[6]" is stuck at GND
    Warning (13410): Pin "SRAM_ADDR[7]" is stuck at GND
    Warning (13410): Pin "SRAM_ADDR[8]" is stuck at GND
    Warning (13410): Pin "SRAM_ADDR[9]" is stuck at GND
    Warning (13410): Pin "SRAM_ADDR[10]" is stuck at GND
    Warning (13410): Pin "SRAM_ADDR[11]" is stuck at GND
    Warning (13410): Pin "SRAM_ADDR[12]" is stuck at GND
    Warning (13410): Pin "SRAM_ADDR[13]" is stuck at GND
    Warning (13410): Pin "SRAM_ADDR[14]" is stuck at GND
    Warning (13410): Pin "SRAM_ADDR[15]" is stuck at GND
    Warning (13410): Pin "SRAM_ADDR[16]" is stuck at GND
    Warning (13410): Pin "SRAM_ADDR[17]" is stuck at GND
    Warning (13410): Pin "SRAM_UB_N" is stuck at VCC
    Warning (13410): Pin "SRAM_LB_N" is stuck at VCC
    Warning (13410): Pin "SRAM_WE_N" is stuck at VCC
    Warning (13410): Pin "SRAM_CE_N" is stuck at VCC
    Warning (13410): Pin "SRAM_OE_N" is stuck at VCC
    Warning (13410): Pin "OTG_ADDR[0]" is stuck at GND
    Warning (13410): Pin "OTG_ADDR[1]" is stuck at GND
    Warning (13410): Pin "OTG_CS_N" is stuck at VCC
    Warning (13410): Pin "OTG_RD_N" is stuck at VCC
    Warning (13410): Pin "OTG_WR_N" is stuck at VCC
    Warning (13410): Pin "OTG_RST_N" is stuck at VCC
    Warning (13410): Pin "OTG_FSPEED" is stuck at VCC
    Warning (13410): Pin "OTG_LSPEED" is stuck at VCC
    Warning (13410): Pin "OTG_DACK0_N" is stuck at VCC
    Warning (13410): Pin "OTG_DACK1_N" is stuck at VCC
    Warning (13410): Pin "LCD_ON" is stuck at VCC
    Warning (13410): Pin "LCD_BLON" is stuck at VCC
    Warning (13410): Pin "LCD_RW" is stuck at VCC
    Warning (13410): Pin "LCD_EN" is stuck at GND
    Warning (13410): Pin "LCD_RS" is stuck at GND
    Warning (13410): Pin "SD_CLK" is stuck at VCC
    Warning (13410): Pin "TDO" is stuck at GND
    Warning (13410): Pin "I2C_SCLK" is stuck at VCC
    Warning (13410): Pin "VGA_SYNC" is stuck at GND
    Warning (13410): Pin "ENET_CMD" is stuck at GND
    Warning (13410): Pin "ENET_CS_N" is stuck at VCC
    Warning (13410): Pin "ENET_WR_N" is stuck at VCC
    Warning (13410): Pin "ENET_RD_N" is stuck at VCC
    Warning (13410): Pin "ENET_RST_N" is stuck at VCC
    Warning (13410): Pin "ENET_CLK" is stuck at GND
    Warning (13410): Pin "AUD_DACDAT" is stuck at VCC
    Warning (13410): Pin "AUD_XCK" is stuck at VCC
    Warning (13410): Pin "TD_RESET" is stuck at GND
Info (16010): Generating hard_block partition "hard_block:auto_generated_inst"
    Info (16011): Adding 0 node(s), including 0 DDIO, 0 PLL, 0 transceiver and 0 LCELL
Warning (21074): Design contains 47 input pin(s) that do not drive logic
    Warning (15610): No output dependent on input pin "CLOCK_27"
    Warning (15610): No output dependent on input pin "EXT_CLOCK"
    Warning (15610): No output dependent on input pin "KEY[0]"
    Warning (15610): No output dependent on input pin "KEY[1]"
    Warning (15610): No output dependent on input pin "KEY[2]"
    Warning (15610): No output dependent on input pin "KEY[3]"
    Warning (15610): No output dependent on input pin "SW[0]"
    Warning (15610): No output dependent on input pin "SW[1]"
    Warning (15610): No output dependent on input pin "SW[2]"
    Warning (15610): No output dependent on input pin "SW[3]"
    Warning (15610): No output dependent on input pin "SW[4]"
    Warning (15610): No output dependent on input pin "SW[5]"
    Warning (15610): No output dependent on input pin "SW[6]"
    Warning (15610): No output dependent on input pin "SW[7]"
    Warning (15610): No output dependent on input pin "SW[8]"
    Warning (15610): No output dependent on input pin "SW[9]"
    Warning (15610): No output dependent on input pin "SW[10]"
    Warning (15610): No output dependent on input pin "SW[11]"
    Warning (15610): No output dependent on input pin "SW[12]"
    Warning (15610): No output dependent on input pin "SW[13]"
    Warning (15610): No output dependent on input pin "SW[14]"
    Warning (15610): No output dependent on input pin "SW[15]"
    Warning (15610): No output dependent on input pin "SW[16]"
    Warning (15610): No output dependent on input pin "SW[17]"
    Warning (15610): No output dependent on input pin "UART_RXD"
    Warning (15610): No output dependent on input pin "IRDA_RXD"
    Warning (15610): No output dependent on input pin "OTG_INT0"
    Warning (15610): No output dependent on input pin "OTG_INT1"
    Warning (15610): No output dependent on input pin "OTG_DREQ0"
    Warning (15610): No output dependent on input pin "OTG_DREQ1"
    Warning (15610): No output dependent on input pin "TDI"
    Warning (15610): No output dependent on input pin "TCK"
    Warning (15610): No output dependent on input pin "TCS"
    Warning (15610): No output dependent on input pin "PS2_DAT"
    Warning (15610): No output dependent on input pin "PS2_CLK"
    Warning (15610): No output dependent on input pin "ENET_INT"
    Warning (15610): No output dependent on input pin "AUD_ADCDAT"
    Warning (15610): No output dependent on input pin "TD_DATA[0]"
    Warning (15610): No output dependent on input pin "TD_DATA[1]"
    Warning (15610): No output dependent on input pin "TD_DATA[2]"
    Warning (15610): No output dependent on input pin "TD_DATA[3]"
    Warning (15610): No output dependent on input pin "TD_DATA[4]"
    Warning (15610): No output dependent on input pin "TD_DATA[5]"
    Warning (15610): No output dependent on input pin "TD_DATA[6]"
    Warning (15610): No output dependent on input pin "TD_DATA[7]"
    Warning (15610): No output dependent on input pin "TD_HS"
    Warning (15610): No output dependent on input pin "TD_VS"
Info (21057): Implemented 548 device resources after synthesis - the final resource count might be different
    Info (21058): Implemented 48 input pins
    Info (21059): Implemented 217 output pins
    Info (21060): Implemented 159 bidirectional pins
    Info (21061): Implemented 120 logic cells
    Info (21062): Implemented 4 DSP elements
Info: Quartus II 32-bit Analysis & Synthesis was successful. 0 errors, 258 warnings
    Info: Peak virtual memory: 365 megabytes
    Info: Processing ended: Sat Mar 16 20:24:21 2013
    Info: Elapsed time: 00:00:08
    Info: Total CPU time (on all processors): 00:00:07


