Flow report for vga_controller
Sat Mar 16 20:24:57 2013
Quartus II 32-bit Version 12.1 Build 177 11/07/2012 SJ Full Version


---------------------
; Table of Contents ;
---------------------
  1. Legal Notice
  2. Flow Summary
  3. Flow Settings
  4. Flow Non-Default Global Settings
  5. Flow Elapsed Time
  6. Flow OS Summary
  7. Flow Log



----------------
; Legal Notice ;
----------------
Copyright (C) 1991-2012 Altera Corporation
Your use of Altera Corporation's design tools, logic functions 
and other software and tools, and its AMPP partner logic 
functions, and any output files from any of the foregoing 
(including device programming or simulation files), and any 
associated documentation or information are expressly subject 
to the terms and conditions of the Altera Program License 
Subscription Agreement, Altera MegaCore Function License 
Agreement, or other applicable license agreement, including, 
without limitation, that your use is for the sole purpose of 
programming logic devices manufactured by Altera and sold by 
Altera or its authorized distributors.  Please refer to the 
applicable agreement for further details.



+--------------------------------------------------------------------------------+
; Flow Summary                                                                   ;
+------------------------------------+-------------------------------------------+
; Flow Status                        ; Successful - Sat Mar 16 20:24:51 2013     ;
; Quartus II 32-bit Version          ; 12.1 Build 177 11/07/2012 SJ Full Version ;
; Revision Name                      ; vga_controller                            ;
; Top-level Entity Name              ; lab3_vga                                  ;
; Family                             ; Cyclone II                                ;
; Device                             ; EP2C35F672C6                              ;
; Timing Models                      ; Final                                     ;
; Total logic elements               ; 120 / 33,216 ( < 1 % )                    ;
;     Total combinational functions  ; 90 / 33,216 ( < 1 % )                     ;
;     Dedicated logic registers      ; 58 / 33,216 ( < 1 % )                     ;
; Total registers                    ; 58                                        ;
; Total pins                         ; 424 / 475 ( 89 % )                        ;
; Total virtual pins                 ; 0                                         ;
; Total memory bits                  ; 0 / 483,840 ( 0 % )                       ;
; Embedded Multiplier 9-bit elements ; 4 / 70 ( 6 % )                            ;
; Total PLLs                         ; 0 / 4 ( 0 % )                             ;
+------------------------------------+-------------------------------------------+


+-----------------------------------------+
; Flow Settings                           ;
+-------------------+---------------------+
; Option            ; Setting             ;
+-------------------+---------------------+
; Start date & time ; 03/16/2013 20:24:14 ;
; Main task         ; Compilation         ;
; Revision Name     ; vga_controller      ;
+-------------------+---------------------+


+-------------------------------------------------------------------------------------------------------------------+
; Flow Non-Default Global Settings                                                                                  ;
+-------------------------------------+---------------------------------+----------------+-------------+------------+
; Assignment Name                     ; Value                           ; Default Value  ; Entity Name ; Section Id ;
+-------------------------------------+---------------------------------+----------------+-------------+------------+
; COMPILER_SIGNATURE_ID               ; 246917495109966.136347985407261 ; --             ; --          ; --         ;
; MAX_CORE_JUNCTION_TEMP              ; 85                              ; --             ; --          ; --         ;
; MIN_CORE_JUNCTION_TEMP              ; 0                               ; --             ; --          ; --         ;
; PARTITION_COLOR                     ; 16764057                        ; --             ; lab3_vga    ; Top        ;
; PARTITION_FITTER_PRESERVATION_LEVEL ; PLACEMENT_AND_ROUTING           ; --             ; lab3_vga    ; Top        ;
; PARTITION_NETLIST_TYPE              ; SOURCE                          ; --             ; lab3_vga    ; Top        ;
; PROJECT_OUTPUT_DIRECTORY            ; output_files                    ; --             ; --          ; --         ;
; TOP_LEVEL_ENTITY                    ; lab3_vga                        ; vga_controller ; --          ; --         ;
+-------------------------------------+---------------------------------+----------------+-------------+------------+


+-------------------------------------------------------------------------------------------------------------------------------+
; Flow Elapsed Time                                                                                                             ;
+---------------------------+--------------+-------------------------+---------------------+------------------------------------+
; Module Name               ; Elapsed Time ; Average Processors Used ; Peak Virtual Memory ; Total CPU Time (on all processors) ;
+---------------------------+--------------+-------------------------+---------------------+------------------------------------+
; Analysis & Synthesis      ; 00:00:07     ; 1.0                     ; 365 MB              ; 00:00:07                           ;
; Fitter                    ; 00:00:15     ; 1.5                     ; 474 MB              ; 00:00:16                           ;
; Assembler                 ; 00:00:06     ; 1.0                     ; 332 MB              ; 00:00:05                           ;
; TimeQuest Timing Analyzer ; 00:00:03     ; 1.0                     ; 298 MB              ; 00:00:02                           ;
; Total                     ; 00:00:31     ; --                      ; --                  ; 00:00:30                           ;
+---------------------------+--------------+-------------------------+---------------------+------------------------------------+


+--------------------------------------------------------------------------------------+
; Flow OS Summary                                                                      ;
+---------------------------+------------------+---------+------------+----------------+
; Module Name               ; Machine Hostname ; OS Name ; OS Version ; Processor type ;
+---------------------------+------------------+---------+------------+----------------+
; Analysis & Synthesis      ; micro17          ; Red Hat ; 5          ; x86_64         ;
; Fitter                    ; micro17          ; Red Hat ; 5          ; x86_64         ;
; Assembler                 ; micro17          ; Red Hat ; 5          ; x86_64         ;
; TimeQuest Timing Analyzer ; micro17          ; Red Hat ; 5          ; x86_64         ;
+---------------------------+------------------+---------+------------+----------------+


------------
; Flow Log ;
------------
quartus_map --read_settings_files=on --write_settings_files=off vga_controller -c vga_controller
quartus_fit --read_settings_files=off --write_settings_files=off vga_controller -c vga_controller
quartus_asm --read_settings_files=off --write_settings_files=off vga_controller -c vga_controller
quartus_sta vga_controller -c vga_controller



